build/app/intermediates/manifest_merge_blame_file/debug/manifest-merger-blame-debug-report.txt
1<?xml version="1.0" encoding="utf-8"?>
2<manifest xmlns:android="http://schemas.android.com/apk/res/android"
3    package="it.resmedia.tac"
4    android:versionCode="1"
5    android:versionName="1.0.0" >
6
7    <uses-sdk
8        android:minSdkVersion="22"
9        android:targetSdkVersion="33" />
10    <!--
11         The INTERNET permission is required for development. Specifically,
12         the Flutter tool needs it to communicate with the running application
13         to allow setting breakpoints, to provide hot reload, etc.
14    -->
15    <uses-permission android:name="android.permission.INTERNET" />
15-->src\main\AndroidManifest.xml:4:5-66
15-->src\main\AndroidManifest.xml:4:22-64
16    <uses-permission android:name="android.permission.ACCESS_FINE_LOCATION" />
16-->src\main\AndroidManifest.xml:5:5-78
16-->src\main\AndroidManifest.xml:5:22-76
17    <uses-permission android:name="android.permission.ACCESS_COARSE_LOCATION" />
17-->src\main\AndroidManifest.xml:6:5-80
17-->src\main\AndroidManifest.xml:6:22-78
18    <uses-permission android:name="android.permission.ACCESS_NETWORK_STATE" />
18-->src\main\AndroidManifest.xml:7:5-79
18-->src\main\AndroidManifest.xml:7:22-76
19    <!-- Provide required visibility configuration for API level 30 and above -->
20    <queries>
20-->src\main\AndroidManifest.xml:10:5-16:15
21
22        <!-- If your app checks for call support -->
23        <intent>
23-->src\main\AndroidManifest.xml:12:9-15:18
24            <action android:name="android.intent.action.VIEW" />
24-->src\main\AndroidManifest.xml:13:13-65
24-->src\main\AndroidManifest.xml:13:21-62
25
26            <data android:scheme="tel" />
26-->src\main\AndroidManifest.xml:14:13-42
26-->src\main\AndroidManifest.xml:14:19-39
27        </intent>
28        <!-- Needs to be explicitly declared on Android R+ -->
29        <package android:name="com.google.android.apps.maps" />
29-->[com.google.android.gms:play-services-maps:18.1.0] AndroidManifest.xml:33:9-64
29-->[com.google.android.gms:play-services-maps:18.1.0] AndroidManifest.xml:33:18-61
30    </queries>
31
32    <uses-permission android:name="android.permission.WAKE_LOCK" /> <!-- Permissions options for the `notification` group -->
32-->[:firebase_analytics] AndroidManifest.xml:11:5-68
32-->[:firebase_analytics] AndroidManifest.xml:11:22-65
33    <uses-permission android:name="android.permission.POST_NOTIFICATIONS" />
33-->[:firebase_messaging] AndroidManifest.xml:13:5-77
33-->[:firebase_messaging] AndroidManifest.xml:13:22-74
34    <uses-permission android:name="android.permission.FOREGROUND_SERVICE" />
34-->[:geolocator_android] AndroidManifest.xml:9:5-77
34-->[:geolocator_android] AndroidManifest.xml:9:22-74
35
36    <uses-feature
36-->[com.google.android.gms:play-services-maps:18.1.0] AndroidManifest.xml:26:5-28:35
37        android:glEsVersion="0x00020000"
37-->[com.google.android.gms:play-services-maps:18.1.0] AndroidManifest.xml:27:9-41
38        android:required="true" /> <!-- Required by older versions of Google Play services to create IID tokens -->
38-->[com.google.android.gms:play-services-maps:18.1.0] AndroidManifest.xml:28:9-32
39    <uses-permission android:name="com.google.android.c2dm.permission.RECEIVE" />
39-->[com.google.firebase:firebase-messaging:23.1.2] AndroidManifest.xml:28:5-82
39-->[com.google.firebase:firebase-messaging:23.1.2] AndroidManifest.xml:28:22-79
40    <uses-permission android:name="com.google.android.gms.permission.AD_ID" />
40-->[com.google.android.gms:play-services-measurement-api:21.2.1] AndroidManifest.xml:25:5-79
40-->[com.google.android.gms:play-services-measurement-api:21.2.1] AndroidManifest.xml:25:22-76
41    <uses-permission android:name="com.google.android.finsky.permission.BIND_GET_INSTALL_REFERRER_SERVICE" />
41-->[com.google.android.gms:play-services-measurement:21.2.1] AndroidManifest.xml:26:5-110
41-->[com.google.android.gms:play-services-measurement:21.2.1] AndroidManifest.xml:26:22-107
42
43    <permission
43-->[androidx.core:core:1.9.0] AndroidManifest.xml:22:5-24:47
44        android:name="it.resmedia.tac.DYNAMIC_RECEIVER_NOT_EXPORTED_PERMISSION"
44-->[androidx.core:core:1.9.0] AndroidManifest.xml:23:9-81
45        android:protectionLevel="signature" />
45-->[androidx.core:core:1.9.0] AndroidManifest.xml:24:9-44
46
47    <uses-permission android:name="it.resmedia.tac.DYNAMIC_RECEIVER_NOT_EXPORTED_PERMISSION" />
47-->[androidx.core:core:1.9.0] AndroidManifest.xml:26:5-97
47-->[androidx.core:core:1.9.0] AndroidManifest.xml:26:22-94
48
49    <application
50        android:name="android.app.Application"
51        android:appComponentFactory="androidx.core.app.CoreComponentFactory"
51-->[androidx.core:core:1.9.0] AndroidManifest.xml:28:18-86
52        android:debuggable="true"
53        android:icon="@mipmap/ic_launcher"
54        android:label="PharmaDelivery" >
55        <activity
56            android:name="it.resmedia.tac.MainActivity"
57            android:configChanges="orientation|keyboardHidden|keyboard|screenSize|smallestScreenSize|locale|layoutDirection|fontScale|screenLayout|density|uiMode"
58            android:exported="true"
59            android:hardwareAccelerated="true"
60            android:launchMode="singleTop"
61            android:theme="@style/LaunchTheme"
62            android:windowSoftInputMode="adjustResize" >
63
64            <!--
65                 Specifies an Android theme to apply to this Activity as soon as
66                 the Android process has started. This theme is visible to the user
67                 while the Flutter UI initializes. After that, this theme continues
68                 to determine the Window background behind the Flutter UI.
69            -->
70            <meta-data
71                android:name="io.flutter.embedding.android.NormalTheme"
72                android:resource="@style/NormalTheme" />
73
74            <intent-filter>
75                <action android:name="android.intent.action.MAIN" />
76
77                <category android:name="android.intent.category.LAUNCHER" />
78            </intent-filter>
79        </activity>
80        <!--
81             Don't delete the meta-data below.
82             This is used by the Flutter tool to generate GeneratedPluginRegistrant.java
83        -->
84        <meta-data
85            android:name="flutterEmbedding"
86            android:value="2" />
87        <meta-data
88            android:name="com.google.android.geo.API_KEY"
89            android:value="AIzaSyDqE_SdM4oS7sbE9ALyuc8vJzDmSVocLVM" />
90
91        <service
91-->[:firebase_dynamic_links] AndroidManifest.xml:12:9-16:19
92            android:name="com.google.firebase.components.ComponentDiscoveryService"
92-->[:firebase_dynamic_links] AndroidManifest.xml:12:18-89
93            android:directBootAware="true"
93-->[com.google.firebase:firebase-common:20.3.2] AndroidManifest.xml:34:13-43
94            android:exported="false" >
94-->[com.google.firebase:firebase-auth:21.2.0] AndroidManifest.xml:68:13-37
95            <meta-data
95-->[:firebase_dynamic_links] AndroidManifest.xml:13:13-15:85
96                android:name="com.google.firebase.components:io.flutter.plugins.firebase.dynamiclinks.FlutterFirebaseAppRegistrar"
96-->[:firebase_dynamic_links] AndroidManifest.xml:14:17-131
97                android:value="com.google.firebase.components.ComponentRegistrar" />
97-->[:firebase_dynamic_links] AndroidManifest.xml:15:17-82
98            <meta-data
98-->[:firebase_analytics] AndroidManifest.xml:15:13-17:85
99                android:name="com.google.firebase.components:io.flutter.plugins.firebase.analytics.FlutterFirebaseAppRegistrar"
99-->[:firebase_analytics] AndroidManifest.xml:16:17-128
100                android:value="com.google.firebase.components.ComponentRegistrar" />
100-->[:firebase_analytics] AndroidManifest.xml:17:17-82
101            <meta-data
101-->[:firebase_auth] AndroidManifest.xml:11:13-13:85
102                android:name="com.google.firebase.components:io.flutter.plugins.firebase.auth.FlutterFirebaseAuthRegistrar"
102-->[:firebase_auth] AndroidManifest.xml:12:17-124
103                android:value="com.google.firebase.components.ComponentRegistrar" />
103-->[:firebase_auth] AndroidManifest.xml:13:17-82
104            <meta-data
104-->[:firebase_messaging] AndroidManifest.xml:38:13-40:85
105                android:name="com.google.firebase.components:io.flutter.plugins.firebase.messaging.FlutterFirebaseAppRegistrar"
105-->[:firebase_messaging] AndroidManifest.xml:39:17-128
106                android:value="com.google.firebase.components.ComponentRegistrar" />
106-->[:firebase_messaging] AndroidManifest.xml:40:17-82
107            <meta-data
107-->[:firebase_core] AndroidManifest.xml:11:13-13:85
108                android:name="com.google.firebase.components:io.flutter.plugins.firebase.core.FlutterFirebaseCoreRegistrar"
108-->[:firebase_core] AndroidManifest.xml:12:17-124
109                android:value="com.google.firebase.components.ComponentRegistrar" />
109-->[:firebase_core] AndroidManifest.xml:13:17-82
110            <meta-data
110-->[com.google.firebase:firebase-auth:21.2.0] AndroidManifest.xml:69:13-71:85
111                android:name="com.google.firebase.components:com.google.firebase.auth.FirebaseAuthRegistrar"
111-->[com.google.firebase:firebase-auth:21.2.0] AndroidManifest.xml:70:17-109
112                android:value="com.google.firebase.components.ComponentRegistrar" />
112-->[com.google.firebase:firebase-auth:21.2.0] AndroidManifest.xml:71:17-82
113            <meta-data
113-->[com.google.firebase:firebase-messaging:23.1.2] AndroidManifest.xml:55:13-57:85
114                android:name="com.google.firebase.components:com.google.firebase.messaging.FirebaseMessagingRegistrar"
114-->[com.google.firebase:firebase-messaging:23.1.2] AndroidManifest.xml:56:17-119
115                android:value="com.google.firebase.components.ComponentRegistrar" />
115-->[com.google.firebase:firebase-messaging:23.1.2] AndroidManifest.xml:57:17-82
116            <meta-data
116-->[com.google.firebase:firebase-dynamic-links:21.1.0] AndroidManifest.xml:26:13-28:85
117                android:name="com.google.firebase.components:com.google.firebase.dynamiclinks.internal.FirebaseDynamicLinkRegistrar"
117-->[com.google.firebase:firebase-dynamic-links:21.1.0] AndroidManifest.xml:27:17-133
118                android:value="com.google.firebase.components.ComponentRegistrar" />
118-->[com.google.firebase:firebase-dynamic-links:21.1.0] AndroidManifest.xml:28:17-82
119            <meta-data
119-->[com.google.firebase:firebase-iid:21.1.0] AndroidManifest.xml:32:13-34:85
120                android:name="com.google.firebase.components:com.google.firebase.iid.Registrar"
120-->[com.google.firebase:firebase-iid:21.1.0] AndroidManifest.xml:33:17-96
121                android:value="com.google.firebase.components.ComponentRegistrar" />
121-->[com.google.firebase:firebase-iid:21.1.0] AndroidManifest.xml:34:17-82
122            <meta-data
122-->[com.google.android.gms:play-services-measurement-api:21.2.1] AndroidManifest.xml:31:13-33:85
123                android:name="com.google.firebase.components:com.google.firebase.analytics.connector.internal.AnalyticsConnectorRegistrar"
123-->[com.google.android.gms:play-services-measurement-api:21.2.1] AndroidManifest.xml:32:17-139
124                android:value="com.google.firebase.components.ComponentRegistrar" />
124-->[com.google.android.gms:play-services-measurement-api:21.2.1] AndroidManifest.xml:33:17-82
125            <meta-data
125-->[com.google.firebase:firebase-installations:17.1.3] AndroidManifest.xml:17:13-19:85
126                android:name="com.google.firebase.components:com.google.firebase.installations.FirebaseInstallationsRegistrar"
126-->[com.google.firebase:firebase-installations:17.1.3] AndroidManifest.xml:18:17-127
127                android:value="com.google.firebase.components.ComponentRegistrar" />
127-->[com.google.firebase:firebase-installations:17.1.3] AndroidManifest.xml:19:17-82
128            <meta-data
128-->[com.google.firebase:firebase-datatransport:18.1.7] AndroidManifest.xml:27:13-29:85
129                android:name="com.google.firebase.components:com.google.firebase.datatransport.TransportRegistrar"
129-->[com.google.firebase:firebase-datatransport:18.1.7] AndroidManifest.xml:28:17-115
130                android:value="com.google.firebase.components.ComponentRegistrar" />
130-->[com.google.firebase:firebase-datatransport:18.1.7] AndroidManifest.xml:29:17-82
131        </service>
132        <service
132-->[:firebase_messaging] AndroidManifest.xml:16:9-19:72
133            android:name="io.flutter.plugins.firebase.messaging.FlutterFirebaseMessagingBackgroundService"
133-->[:firebase_messaging] AndroidManifest.xml:17:13-107
134            android:exported="false"
134-->[:firebase_messaging] AndroidManifest.xml:18:13-37
135            android:permission="android.permission.BIND_JOB_SERVICE" />
135-->[:firebase_messaging] AndroidManifest.xml:19:13-69
136        <service
136-->[:firebase_messaging] AndroidManifest.xml:20:9-26:19
137            android:name="io.flutter.plugins.firebase.messaging.FlutterFirebaseMessagingService"
137-->[:firebase_messaging] AndroidManifest.xml:21:13-97
138            android:exported="false" >
138-->[:firebase_messaging] AndroidManifest.xml:22:13-37
139            <intent-filter>
139-->[:firebase_messaging] AndroidManifest.xml:23:13-25:29
140                <action android:name="com.google.firebase.MESSAGING_EVENT" />
140-->[:firebase_messaging] AndroidManifest.xml:24:17-78
140-->[:firebase_messaging] AndroidManifest.xml:24:25-75
141            </intent-filter>
142        </service>
143
144        <receiver
144-->[:firebase_messaging] AndroidManifest.xml:28:9-35:20
145            android:name="io.flutter.plugins.firebase.messaging.FlutterFirebaseMessagingReceiver"
145-->[:firebase_messaging] AndroidManifest.xml:29:13-98
146            android:exported="true"
146-->[:firebase_messaging] AndroidManifest.xml:30:13-36
147            android:permission="com.google.android.c2dm.permission.SEND" >
147-->[:firebase_messaging] AndroidManifest.xml:31:13-73
148            <intent-filter>
148-->[:firebase_messaging] AndroidManifest.xml:32:13-34:29
149                <action android:name="com.google.android.c2dm.intent.RECEIVE" />
149-->[:firebase_messaging] AndroidManifest.xml:33:17-81
149-->[:firebase_messaging] AndroidManifest.xml:33:25-78
150            </intent-filter>
151        </receiver>
152
153        <provider
153-->[:firebase_messaging] AndroidManifest.xml:43:9-47:38
154            android:name="io.flutter.plugins.firebase.messaging.FlutterFirebaseMessagingInitProvider"
154-->[:firebase_messaging] AndroidManifest.xml:44:13-102
155            android:authorities="it.resmedia.tac.flutterfirebasemessaginginitprovider"
155-->[:firebase_messaging] AndroidManifest.xml:45:13-88
156            android:exported="false"
156-->[:firebase_messaging] AndroidManifest.xml:46:13-37
157            android:initOrder="99" />
157-->[:firebase_messaging] AndroidManifest.xml:47:13-35
158
159        <service
159-->[:geolocator_android] AndroidManifest.xml:12:9-16:56
160            android:name="com.baseflow.geolocator.GeolocatorLocationService"
160-->[:geolocator_android] AndroidManifest.xml:13:13-77
161            android:enabled="true"
161-->[:geolocator_android] AndroidManifest.xml:14:13-35
162            android:exported="false"
162-->[:geolocator_android] AndroidManifest.xml:15:13-37
163            android:foregroundServiceType="location" />
163-->[:geolocator_android] AndroidManifest.xml:16:13-53
164
165        <provider
165-->[:image_picker_android] AndroidManifest.xml:10:9-18:20
166            android:name="io.flutter.plugins.imagepicker.ImagePickerFileProvider"
166-->[:image_picker_android] AndroidManifest.xml:11:13-82
167            android:authorities="it.resmedia.tac.flutter.image_provider"
167-->[:image_picker_android] AndroidManifest.xml:12:13-74
168            android:exported="false"
168-->[:image_picker_android] AndroidManifest.xml:13:13-37
169            android:grantUriPermissions="true" >
169-->[:image_picker_android] AndroidManifest.xml:14:13-47
170            <meta-data
170-->[:image_picker_android] AndroidManifest.xml:15:13-17:75
171                android:name="android.support.FILE_PROVIDER_PATHS"
171-->[:image_picker_android] AndroidManifest.xml:16:17-67
172                android:resource="@xml/flutter_image_picker_file_paths" />
172-->[:image_picker_android] AndroidManifest.xml:17:17-72
173        </provider>
174
175        <activity
175-->[:url_launcher_android] AndroidManifest.xml:10:9-13:74
176            android:name="io.flutter.plugins.urllauncher.WebViewActivity"
176-->[:url_launcher_android] AndroidManifest.xml:11:13-74
177            android:exported="false"
177-->[:url_launcher_android] AndroidManifest.xml:12:13-37
178            android:theme="@android:style/Theme.NoTitleBar.Fullscreen" />
178-->[:url_launcher_android] AndroidManifest.xml:13:13-71
179
180        <service
180-->[:location] AndroidManifest.xml:13:9-17:56
181            android:name="com.lyokone.location.FlutterLocationService"
181-->[:location] AndroidManifest.xml:14:13-71
182            android:enabled="true"
182-->[:location] AndroidManifest.xml:15:13-35
183            android:exported="false"
183-->[:location] AndroidManifest.xml:16:13-37
184            android:foregroundServiceType="location" /> <!-- Needs to be explicitly declared on P+ -->
184-->[:location] AndroidManifest.xml:17:13-53
185        <uses-library
185-->[com.google.android.gms:play-services-maps:18.1.0] AndroidManifest.xml:39:9-41:40
186            android:name="org.apache.http.legacy"
186-->[com.google.android.gms:play-services-maps:18.1.0] AndroidManifest.xml:40:13-50
187            android:required="false" />
187-->[com.google.android.gms:play-services-maps:18.1.0] AndroidManifest.xml:41:13-37
188
189        <activity
189-->[com.google.android.gms:play-services-auth:20.4.1] AndroidManifest.xml:23:9-27:75
190            android:name="com.google.android.gms.auth.api.signin.internal.SignInHubActivity"
190-->[com.google.android.gms:play-services-auth:20.4.1] AndroidManifest.xml:24:13-93
191            android:excludeFromRecents="true"
191-->[com.google.android.gms:play-services-auth:20.4.1] AndroidManifest.xml:25:13-46
192            android:exported="false"
192-->[com.google.android.gms:play-services-auth:20.4.1] AndroidManifest.xml:26:13-37
193            android:theme="@android:style/Theme.Translucent.NoTitleBar" />
193-->[com.google.android.gms:play-services-auth:20.4.1] AndroidManifest.xml:27:13-72
194        <!--
195            Service handling Google Sign-In user revocation. For apps that do not integrate with
196            Google Sign-In, this service will never be started.
197        -->
198        <service
198-->[com.google.android.gms:play-services-auth:20.4.1] AndroidManifest.xml:33:9-37:51
199            android:name="com.google.android.gms.auth.api.signin.RevocationBoundService"
199-->[com.google.android.gms:play-services-auth:20.4.1] AndroidManifest.xml:34:13-89
200            android:exported="true"
200-->[com.google.android.gms:play-services-auth:20.4.1] AndroidManifest.xml:35:13-36
201            android:permission="com.google.android.gms.auth.api.signin.permission.REVOCATION_NOTIFICATION"
201-->[com.google.android.gms:play-services-auth:20.4.1] AndroidManifest.xml:36:13-107
202            android:visibleToInstantApps="true" />
202-->[com.google.android.gms:play-services-auth:20.4.1] AndroidManifest.xml:37:13-48
203
204        <activity
204-->[com.google.firebase:firebase-auth:21.2.0] AndroidManifest.xml:29:9-46:20
205            android:name="com.google.firebase.auth.internal.GenericIdpActivity"
205-->[com.google.firebase:firebase-auth:21.2.0] AndroidManifest.xml:30:13-80
206            android:excludeFromRecents="true"
206-->[com.google.firebase:firebase-auth:21.2.0] AndroidManifest.xml:31:13-46
207            android:exported="true"
207-->[com.google.firebase:firebase-auth:21.2.0] AndroidManifest.xml:32:13-36
208            android:launchMode="singleTask"
208-->[com.google.firebase:firebase-auth:21.2.0] AndroidManifest.xml:33:13-44
209            android:theme="@android:style/Theme.Translucent.NoTitleBar" >
209-->[com.google.firebase:firebase-auth:21.2.0] AndroidManifest.xml:34:13-72
210            <intent-filter>
210-->[com.google.firebase:firebase-auth:21.2.0] AndroidManifest.xml:35:13-45:29
211                <action android:name="android.intent.action.VIEW" />
211-->src\main\AndroidManifest.xml:13:13-65
211-->src\main\AndroidManifest.xml:13:21-62
212
213                <category android:name="android.intent.category.DEFAULT" />
213-->[com.google.firebase:firebase-auth:21.2.0] AndroidManifest.xml:38:17-76
213-->[com.google.firebase:firebase-auth:21.2.0] AndroidManifest.xml:38:27-73
214                <category android:name="android.intent.category.BROWSABLE" />
214-->[com.google.firebase:firebase-auth:21.2.0] AndroidManifest.xml:39:17-78
214-->[com.google.firebase:firebase-auth:21.2.0] AndroidManifest.xml:39:27-75
215
216                <data
216-->src\main\AndroidManifest.xml:14:13-42
217                    android:host="firebase.auth"
218                    android:path="/"
219                    android:scheme="genericidp" />
219-->src\main\AndroidManifest.xml:14:19-39
220            </intent-filter>
221        </activity>
222        <activity
222-->[com.google.firebase:firebase-auth:21.2.0] AndroidManifest.xml:47:9-64:20
223            android:name="com.google.firebase.auth.internal.RecaptchaActivity"
223-->[com.google.firebase:firebase-auth:21.2.0] AndroidManifest.xml:48:13-79
224            android:excludeFromRecents="true"
224-->[com.google.firebase:firebase-auth:21.2.0] AndroidManifest.xml:49:13-46
225            android:exported="true"
225-->[com.google.firebase:firebase-auth:21.2.0] AndroidManifest.xml:50:13-36
226            android:launchMode="singleTask"
226-->[com.google.firebase:firebase-auth:21.2.0] AndroidManifest.xml:51:13-44
227            android:theme="@android:style/Theme.Translucent.NoTitleBar" >
227-->[com.google.firebase:firebase-auth:21.2.0] AndroidManifest.xml:52:13-72
228            <intent-filter>
228-->[com.google.firebase:firebase-auth:21.2.0] AndroidManifest.xml:53:13-63:29
229                <action android:name="android.intent.action.VIEW" />
229-->src\main\AndroidManifest.xml:13:13-65
229-->src\main\AndroidManifest.xml:13:21-62
230
231                <category android:name="android.intent.category.DEFAULT" />
231-->[com.google.firebase:firebase-auth:21.2.0] AndroidManifest.xml:38:17-76
231-->[com.google.firebase:firebase-auth:21.2.0] AndroidManifest.xml:38:27-73
232                <category android:name="android.intent.category.BROWSABLE" />
232-->[com.google.firebase:firebase-auth:21.2.0] AndroidManifest.xml:39:17-78
232-->[com.google.firebase:firebase-auth:21.2.0] AndroidManifest.xml:39:27-75
233
234                <data
234-->src\main\AndroidManifest.xml:14:13-42
235                    android:host="firebase.auth"
236                    android:path="/"
237                    android:scheme="recaptcha" />
237-->src\main\AndroidManifest.xml:14:19-39
238            </intent-filter>
239        </activity>
240
241        <receiver
241-->[com.google.firebase:firebase-messaging:23.1.2] AndroidManifest.xml:31:9-38:20
242            android:name="com.google.firebase.iid.FirebaseInstanceIdReceiver"
242-->[com.google.firebase:firebase-messaging:23.1.2] AndroidManifest.xml:32:13-78
243            android:exported="true"
243-->[com.google.firebase:firebase-messaging:23.1.2] AndroidManifest.xml:33:13-36
244            android:permission="com.google.android.c2dm.permission.SEND" >
244-->[com.google.firebase:firebase-messaging:23.1.2] AndroidManifest.xml:34:13-73
245            <intent-filter>
245-->[:firebase_messaging] AndroidManifest.xml:32:13-34:29
246                <action android:name="com.google.android.c2dm.intent.RECEIVE" />
246-->[:firebase_messaging] AndroidManifest.xml:33:17-81
246-->[:firebase_messaging] AndroidManifest.xml:33:25-78
247            </intent-filter>
248        </receiver>
249        <!--
250             FirebaseMessagingService performs security checks at runtime,
251             but set to not exported to explicitly avoid allowing another app to call it.
252        -->
253        <service
253-->[com.google.firebase:firebase-messaging:23.1.2] AndroidManifest.xml:44:9-51:19
254            android:name="com.google.firebase.messaging.FirebaseMessagingService"
254-->[com.google.firebase:firebase-messaging:23.1.2] AndroidManifest.xml:45:13-82
255            android:directBootAware="true"
255-->[com.google.firebase:firebase-messaging:23.1.2] AndroidManifest.xml:46:13-43
256            android:exported="false" >
256-->[com.google.firebase:firebase-messaging:23.1.2] AndroidManifest.xml:47:13-37
257            <intent-filter android:priority="-500" >
257-->[:firebase_messaging] AndroidManifest.xml:23:13-25:29
258                <action android:name="com.google.firebase.MESSAGING_EVENT" />
258-->[:firebase_messaging] AndroidManifest.xml:24:17-78
258-->[:firebase_messaging] AndroidManifest.xml:24:25-75
259            </intent-filter>
260        </service>
261
262        <activity
262-->[com.google.android.gms:play-services-base:18.1.0] AndroidManifest.xml:20:9-22:45
263            android:name="com.google.android.gms.common.api.GoogleApiActivity"
263-->[com.google.android.gms:play-services-base:18.1.0] AndroidManifest.xml:20:19-85
264            android:exported="false"
264-->[com.google.android.gms:play-services-base:18.1.0] AndroidManifest.xml:22:19-43
265            android:theme="@android:style/Theme.Translucent.NoTitleBar" />
265-->[com.google.android.gms:play-services-base:18.1.0] AndroidManifest.xml:21:19-78
266
267        <provider
267-->[com.google.firebase:firebase-common:20.3.2] AndroidManifest.xml:25:9-30:39
268            android:name="com.google.firebase.provider.FirebaseInitProvider"
268-->[com.google.firebase:firebase-common:20.3.2] AndroidManifest.xml:26:13-77
269            android:authorities="it.resmedia.tac.firebaseinitprovider"
269-->[com.google.firebase:firebase-common:20.3.2] AndroidManifest.xml:27:13-72
270            android:directBootAware="true"
270-->[com.google.firebase:firebase-common:20.3.2] AndroidManifest.xml:28:13-43
271            android:exported="false"
271-->[com.google.firebase:firebase-common:20.3.2] AndroidManifest.xml:29:13-37
272            android:initOrder="100" />
272-->[com.google.firebase:firebase-common:20.3.2] AndroidManifest.xml:30:13-36
273
274        <receiver
274-->[com.google.android.gms:play-services-measurement:21.2.1] AndroidManifest.xml:29:9-33:20
275            android:name="com.google.android.gms.measurement.AppMeasurementReceiver"
275-->[com.google.android.gms:play-services-measurement:21.2.1] AndroidManifest.xml:30:13-85
276            android:enabled="true"
276-->[com.google.android.gms:play-services-measurement:21.2.1] AndroidManifest.xml:31:13-35
277            android:exported="false" >
277-->[com.google.android.gms:play-services-measurement:21.2.1] AndroidManifest.xml:32:13-37
278        </receiver>
279
280        <service
280-->[com.google.android.gms:play-services-measurement:21.2.1] AndroidManifest.xml:35:9-38:40
281            android:name="com.google.android.gms.measurement.AppMeasurementService"
281-->[com.google.android.gms:play-services-measurement:21.2.1] AndroidManifest.xml:36:13-84
282            android:enabled="true"
282-->[com.google.android.gms:play-services-measurement:21.2.1] AndroidManifest.xml:37:13-35
283            android:exported="false" />
283-->[com.google.android.gms:play-services-measurement:21.2.1] AndroidManifest.xml:38:13-37
284        <service
284-->[com.google.android.gms:play-services-measurement:21.2.1] AndroidManifest.xml:39:9-43:72
285            android:name="com.google.android.gms.measurement.AppMeasurementJobService"
285-->[com.google.android.gms:play-services-measurement:21.2.1] AndroidManifest.xml:40:13-87
286            android:enabled="true"
286-->[com.google.android.gms:play-services-measurement:21.2.1] AndroidManifest.xml:41:13-35
287            android:exported="false"
287-->[com.google.android.gms:play-services-measurement:21.2.1] AndroidManifest.xml:42:13-37
288            android:permission="android.permission.BIND_JOB_SERVICE" />
288-->[com.google.android.gms:play-services-measurement:21.2.1] AndroidManifest.xml:43:13-69
289
290        <meta-data
290-->[com.google.android.gms:play-services-basement:18.1.0] AndroidManifest.xml:21:9-23:69
291            android:name="com.google.android.gms.version"
291-->[com.google.android.gms:play-services-basement:18.1.0] AndroidManifest.xml:22:13-58
292            android:value="@integer/google_play_services_version" />
292-->[com.google.android.gms:play-services-basement:18.1.0] AndroidManifest.xml:23:13-66
293
294        <uses-library
294-->[androidx.window:window:1.0.0-beta04] AndroidManifest.xml:25:9-27:40
295            android:name="androidx.window.extensions"
295-->[androidx.window:window:1.0.0-beta04] AndroidManifest.xml:26:13-54
296            android:required="false" />
296-->[androidx.window:window:1.0.0-beta04] AndroidManifest.xml:27:13-37
297        <uses-library
297-->[androidx.window:window:1.0.0-beta04] AndroidManifest.xml:28:9-30:40
298            android:name="androidx.window.sidecar"
298-->[androidx.window:window:1.0.0-beta04] AndroidManifest.xml:29:13-51
299            android:required="false" />
299-->[androidx.window:window:1.0.0-beta04] AndroidManifest.xml:30:13-37
300
301        <service
301-->[com.google.android.datatransport:transport-backend-cct:3.1.8] AndroidManifest.xml:28:9-34:19
302            android:name="com.google.android.datatransport.runtime.backends.TransportBackendDiscovery"